# JRE version: Java(TM) SE Runtime Environment (8.0_211-b12) (build 1.8.0_211-b12)
# Java VM: Java HotSpot(TM) 64-Bit Server VM (25.211-b12 mixed mode linux-amd64 compressed oops)
Heap:
 PSYoungGen      total 443904K, used 6564K [0x000000076f700000, 0x000000078ee00000, 0x00000007c0000000)
  eden space 431616K, 0% used [0x000000076f700000,0x000000076f700000,0x0000000789c80000)
  from space 12288K, 53% used [0x000000078d600000,0x000000078dc69300,0x000000078e200000)
  to   space 7168K, 0% used [0x000000078e700000,0x000000078e700000,0x000000078ee00000)
 ParOldGen       total 89088K, used 10558K [0x00000006ce400000, 0x00000006d3b00000, 0x000000076f700000)
  object space 89088K, 11% used [0x00000006ce400000,0x00000006cee4f908,0x00000006d3b00000)
 Metaspace       used 22935K, capacity 23784K, committed 24064K, reserved 1071104K
  class space    used 2840K, capacity 3016K, committed 3072K, reserved 1048576K
GC Heap History (10 events):
Event: 2.333 GC heap after
Heap after GC invocations=5 (full 0):
 PSYoungGen      total 134144K, used 10240K [0x000000076f700000, 0x0000000780300000, 0x00000007c0000000)
  eden space 123904K, 0% used [0x000000076f700000,0x000000076f700000,0x0000000777000000)
  from space 10240K, 100% used [0x0000000777000000,0x0000000777a00000,0x0000000777a00000)
  to   space 13312K, 0% used [0x000000077f600000,0x000000077f600000,0x0000000780300000)
 ParOldGen       total 165376K, used 1660K [0x00000006ce400000, 0x00000006d8580000, 0x000000076f700000)
  object space 165376K, 1% used [0x00000006ce400000,0x00000006ce59f3d8,0x00000006d8580000)
 Metaspace       used 19067K, capacity 19756K, committed 19968K, reserved 1067008K
  class space    used 2400K, capacity 2550K, committed 2560K, reserved 1048576K
}
Event: 2.601 GC heap before
{Heap before GC invocations=6 (full 0):
 PSYoungGen      total 134144K, used 134144K [0x000000076f700000, 0x0000000780300000, 0x00000007c0000000)
  eden space 123904K, 100% used [0x000000076f700000,0x0000000777000000,0x0000000777000000)
  from space 10240K, 100% used [0x0000000777000000,0x0000000777a00000,0x0000000777a00000)
  to   space 13312K, 0% used [0x000000077f600000,0x000000077f600000,0x0000000780300000)
 ParOldGen       total 165376K, used 1660K [0x00000006ce400000, 0x00000006d8580000, 0x000000076f700000)
  object space 165376K, 1% used [0x00000006ce400000,0x00000006ce59f3d8,0x00000006d8580000)
 Metaspace       used 19119K, capacity 19852K, committed 20096K, reserved 1067008K
  class space    used 2402K, capacity 2582K, committed 2688K, reserved 1048576K
Event: 2.614 GC heap after
Heap after GC invocations=6 (full 0):
 PSYoungGen      total 260096K, used 7864K [0x000000076f700000, 0x0000000780200000, 0x00000007c0000000)
  eden space 247808K, 0% used [0x000000076f700000,0x000000076f700000,0x000000077e900000)
  from space 12288K, 64% used [0x000000077f600000,0x000000077fdae2f8,0x0000000780200000)
  to   space 12800K, 0% used [0x000000077e900000,0x000000077e900000,0x000000077f580000)
 ParOldGen       total 165376K, used 1668K [0x00000006ce400000, 0x00000006d8580000, 0x000000076f700000)
  object space 165376K, 1% used [0x00000006ce400000,0x00000006ce5a13d8,0x00000006d8580000)
 Metaspace       used 19119K, capacity 19852K, committed 20096K, reserved 1067008K
  class space    used 2402K, capacity 2582K, committed 2688K, reserved 1048576K
}
Event: 2.819 GC heap before
{Heap before GC invocations=7 (full 0):
 PSYoungGen      total 260096K, used 43400K [0x000000076f700000, 0x0000000780200000, 0x00000007c0000000)
  eden space 247808K, 14% used [0x000000076f700000,0x00000007719b4030,0x000000077e900000)
  from space 12288K, 64% used [0x000000077f600000,0x000000077fdae2f8,0x0000000780200000)
  to   space 12800K, 0% used [0x000000077e900000,0x000000077e900000,0x000000077f580000)
 ParOldGen       total 165376K, used 1668K [0x00000006ce400000, 0x00000006d8580000, 0x000000076f700000)
  object space 165376K, 1% used [0x00000006ce400000,0x00000006ce5a13d8,0x00000006d8580000)
 Metaspace       used 20341K, capacity 21068K, committed 21248K, reserved 1067008K
  class space    used 2532K, capacity 2710K, committed 2816K, reserved 1048576K
Event: 2.838 GC heap after
Heap after GC invocations=7 (full 0):
 PSYoungGen      total 260608K, used 6673K [0x000000076f700000, 0x000000078f300000, 0x00000007c0000000)
  eden space 247808K, 0% used [0x000000076f700000,0x000000076f700000,0x000000077e900000)
  from space 12800K, 52% used [0x000000077e900000,0x000000077ef84760,0x000000077f580000)
  to   space 12288K, 0% used [0x000000078e700000,0x000000078e700000,0x000000078f300000)
 ParOldGen       total 165376K, used 5237K [0x00000006ce400000, 0x00000006d8580000, 0x000000076f700000)
  object space 165376K, 3% used [0x00000006ce400000,0x00000006ce91d530,0x00000006d8580000)
 Metaspace       used 20341K, capacity 21068K, committed 21248K, reserved 1067008K
  class space    used 2532K, capacity 2710K, committed 2816K, reserved 1048576K
}
Event: 2.838 GC heap before
{Heap before GC invocations=8 (full 1):
 PSYoungGen      total 260608K, used 6673K [0x000000076f700000, 0x000000078f300000, 0x00000007c0000000)
  eden space 247808K, 0% used [0x000000076f700000,0x000000076f700000,0x000000077e900000)
  from space 12800K, 52% used [0x000000077e900000,0x000000077ef84760,0x000000077f580000)
  to   space 12288K, 0% used [0x000000078e700000,0x000000078e700000,0x000000078f300000)
 ParOldGen       total 165376K, used 5237K [0x00000006ce400000, 0x00000006d8580000, 0x000000076f700000)
  object space 165376K, 3% used [0x00000006ce400000,0x00000006ce91d530,0x00000006d8580000)
 Metaspace       used 20341K, capacity 21068K, committed 21248K, reserved 1067008K
  class space    used 2532K, capacity 2710K, committed 2816K, reserved 1048576K
Event: 2.873 GC heap after
Heap after GC invocations=8 (full 1):
 PSYoungGen      total 260608K, used 0K [0x000000076f700000, 0x000000078f300000, 0x00000007c0000000)
  eden space 247808K, 0% used [0x000000076f700000,0x000000076f700000,0x000000077e900000)
  from space 12800K, 0% used [0x000000077e900000,0x000000077e900000,0x000000077f580000)
  to   space 12288K, 0% used [0x000000078e700000,0x000000078e700000,0x000000078f300000)
 ParOldGen       total 89088K, used 10542K [0x00000006ce400000, 0x00000006d3b00000, 0x000000076f700000)
  object space 89088K, 11% used [0x00000006ce400000,0x00000006cee4b908,0x00000006d3b00000)
 Metaspace       used 20341K, capacity 21068K, committed 21248K, reserved 1067008K
  class space    used 2532K, capacity 2710K, committed 2816K, reserved 1048576K
}
Event: 3.582 GC heap before
{Heap before GC invocations=9 (full 1):
 PSYoungGen      total 260608K, used 247808K [0x000000076f700000, 0x000000078f300000, 0x00000007c0000000)
  eden space 247808K, 100% used [0x000000076f700000,0x000000077e900000,0x000000077e900000)
  from space 12800K, 0% used [0x000000077e900000,0x000000077e900000,0x000000077f580000)
  to   space 12288K, 0% used [0x000000078e700000,0x000000078e700000,0x000000078f300000)
 ParOldGen       total 89088K, used 10542K [0x00000006ce400000, 0x00000006d3b00000, 0x000000076f700000)
  object space 89088K, 11% used [0x00000006ce400000,0x00000006cee4b908,0x00000006d3b00000)
 Metaspace       used 22772K, capacity 23630K, committed 23808K, reserved 1071104K
  class space    used 2838K, capacity 3013K, committed 3072K, reserved 1048576K
Event: 3.590 GC heap after
Heap after GC invocations=9 (full 1):
 PSYoungGen      total 438784K, used 6688K [0x000000076f700000, 0x000000078ee00000, 0x00000007c0000000)
  eden space 431616K, 0% used [0x000000076f700000,0x000000076f700000,0x0000000789c80000)
  from space 7168K, 93% used [0x000000078e700000,0x000000078ed88178,0x000000078ee00000)
  to   space 12288K, 0% used [0x000000078d600000,0x000000078d600000,0x000000078e200000)
 ParOldGen       total 89088K, used 10550K [0x00000006ce400000, 0x00000006d3b00000, 0x000000076f700000)
  object space 89088K, 11% used [0x00000006ce400000,0x00000006cee4d908,0x00000006d3b00000)
 Metaspace       used 22772K, capacity 23630K, committed 23808K, reserved 1071104K
  class space    used 2838K, capacity 3013K, committed 3072K, reserved 1048576K
}
Event: 9.470 GC heap before
{Heap before GC invocations=10 (full 1):
 PSYoungGen      total 438784K, used 438304K [0x000000076f700000, 0x000000078ee00000, 0x00000007c0000000)
  eden space 431616K, 100% used [0x000000076f700000,0x0000000789c80000,0x0000000789c80000)
  from space 7168K, 93% used [0x000000078e700000,0x000000078ed88178,0x000000078ee00000)
  to   space 12288K, 0% used [0x000000078d600000,0x000000078d600000,0x000000078e200000)
 ParOldGen       total 89088K, used 10550K [0x00000006ce400000, 0x00000006d3b00000, 0x000000076f700000)
  object space 89088K, 11% used [0x00000006ce400000,0x00000006cee4d908,0x00000006d3b00000)
 Metaspace       used 22935K, capacity 23784K, committed 24064K, reserved 1071104K
  class space    used 2840K, capacity 3016K, committed 3072K, reserved 1048576K

